<?xml version="1.0" encoding="UTF-8"?>
<testsuite xmlns:xsi="http://www.w3.org/2001/XMLSchema-instance" xsi:noNamespaceSchemaLocation="https://maven.apache.org/surefire/maven-surefire-plugin/xsd/surefire-test-report-3.0.xsd" version="3.0" name="genealogy.PersonsCsvLoaderTest" time="0.058" tests="4" errors="0" skipped="0" failures="0">
  <properties>
[...]
</properties>
  <testcase name="test1_TotalRecordsCount" classname="genealogy.PersonsCsvLoaderTest" time="0.027">
    <system-out><![CDATA[
[SETUP] Φόρτωση persons.csv..
[SETUP] Φορτώθηκαν 25εγγραφές

Test 1 passed!: Ο αριθμός των εγγράφων είναι ίσος με τις γραμμές του CSV, δηλαδή 25
]]></system-out>
  </testcase>
  <testcase name="test2_IdToNameMapping" classname="genealogy.PersonsCsvLoaderTest" time="0.004">
    <system-out><![CDATA[
[SETUP] Φόρτωση persons.csv..
[SETUP] Φορτώθηκαν 25εγγραφές

Test 2 passed! : Όλες οι αντιστοιχίες id -> name είναι σωστές.
]]></system-out>
  </testcase>
  <testcase name="test3_NullFieldsForEmptyValues" classname="genealogy.PersonsCsvLoaderTest" time="0.003">
    <system-out><![CDATA[
[SETUP] Φόρτωση persons.csv..
[SETUP] Φορτώθηκαν 25εγγραφές

id = 1 (Αυγουστινός): Κενά πεδία father_id και mother_id, είναι null.
id = 10 (Σοφία): Κενό πεδίο spouse_id, είναι null. Οι γονείς, ωστόσο, έχουν τιμές.
Test 3 passed! : Όλα τα κενά πεδία αποθηκεύονται σωστά σαν null.
]]></system-out>
  </testcase>
  <testcase name="test4_SearchByName" classname="genealogy.PersonsCsvLoaderTest" time="0.002">
    <system-out><![CDATA[
[SETUP] Φόρτωση persons.csv..
[SETUP] Φορτώθηκαν 25εγγραφές

Test 4 passed! : Η αναζήτηση με όνομα λειτουργεί σωστά.
]]></system-out>
  </testcase>
</testsuite>